<?xml version="1.0" encoding="UTF-8"?>
<!-- Generated by org.testng.reporters.JUnitXMLReporter -->
<testsuite ignored="0" hostname="Virats-MacBook-Air.local" failures="1" tests="3" name="SearchFlow" time="54.627" errors="0" timestamp="2023-12-04T01:40:23 IST">
  <testcase classname="qtrip_qa.tests.test_case02" name="TestCase02" time="15.112"/>
  <testcase classname="qtrip_qa.tests.test_case02" name="TestCase02" time="24.55">
    <failure type="java.lang.AssertionError" message="expected [true] but found [false]">
      <![CDATA[java.lang.AssertionError: expected [true] but found [false]
at qtrip_qa.tests.test_case02.TestCase02(test_case02.java:38)
at java.base/java.util.ArrayList.forEach(ArrayList.java:1511)
... Removed 35 stack frames]]>
    </failure>
  </testcase> <!-- TestCase02 -->
  <testcase classname="qtrip_qa.tests.test_case02" name="TestCase02" time="14.928"/>
</testsuite> <!-- SearchFlow -->
